<?xml version="1.0" encoding="UTF-8"?>
<testsuite xmlns:xsi="http://www.w3.org/2001/XMLSchema-instance" xsi:noNamespaceSchemaLocation="https://maven.apache.org/surefire/maven-surefire-plugin/xsd/surefire-test-report.xsd" name="com.sxy.zongce.service.impl.StudentServiceImplTest" time="0.147" tests="9" errors="0" skipped="0" failures="0">
  <properties>
    <property name="sun.desktop" value="windows"/>
    <property name="awt.toolkit" value="sun.awt.windows.WToolkit"/>
    <property name="file.encoding.pkg" value="sun.io"/>
    <property name="java.specification.version" value="1.8"/>
    <property name="sun.cpu.isalist" value="pentium_pro+mmx pentium_pro pentium+mmx pentium i486 i386 i86"/>
    <property name="sun.jnu.encoding" value="GBK"/>
    <property name="java.class.path" value="C:\Users\ArikaKirihara\IdeaProjects\syzongce-rear-backstage\target\test-classes;C:\Users\ArikaKirihara\IdeaProjects\syzongce-rear-backstage\target\classes;C:\MAVEN_REPOSITORY\maven_repository2\org\springframework\boot\spring-boot-starter-web\2.7.3\spring-boot-starter-web-2.7.3.jar;C:\MAVEN_REPOSITORY\maven_repository2\org\springframework\boot\spring-boot-starter\2.7.3\spring-boot-starter-2.7.3.jar;C:\MAVEN_REPOSITORY\maven_repository2\org\springframework\boot\spring-boot-starter-logging\2.7.3\spring-boot-starter-logging-2.7.3.jar;C:\MAVEN_REPOSITORY\maven_repository2\ch\qos\logback\logback-classic\1.2.11\logback-classic-1.2.11.jar;C:\MAVEN_REPOSITORY\maven_repository2\ch\qos\logback\logback-core\1.2.11\logback-core-1.2.11.jar;C:\MAVEN_REPOSITORY\maven_repository2\org\apache\logging\log4j\log4j-to-slf4j\2.17.2\log4j-to-slf4j-2.17.2.jar;C:\MAVEN_REPOSITORY\maven_repository2\org\apache\logging\log4j\log4j-api\2.17.2\log4j-api-2.17.2.jar;C:\MAVEN_REPOSITORY\maven_repository2\org\slf4j\jul-to-slf4j\1.7.36\jul-to-slf4j-1.7.36.jar;C:\MAVEN_REPOSITORY\maven_repository2\jakarta\annotation\jakarta.annotation-api\1.3.5\jakarta.annotation-api-1.3.5.jar;C:\MAVEN_REPOSITORY\maven_repository2\org\yaml\snakeyaml\1.30\snakeyaml-1.30.jar;C:\MAVEN_REPOSITORY\maven_repository2\org\springframework\boot\spring-boot-starter-json\2.7.3\spring-boot-starter-json-2.7.3.jar;C:\MAVEN_REPOSITORY\maven_repository2\com\fasterxml\jackson\core\jackson-databind\2.13.3\jackson-databind-2.13.3.jar;C:\MAVEN_REPOSITORY\maven_repository2\com\fasterxml\jackson\core\jackson-annotations\2.13.3\jackson-annotations-2.13.3.jar;C:\MAVEN_REPOSITORY\maven_repository2\com\fasterxml\jackson\core\jackson-core\2.13.3\jackson-core-2.13.3.jar;C:\MAVEN_REPOSITORY\maven_repository2\com\fasterxml\jackson\datatype\jackson-datatype-jdk8\2.13.3\jackson-datatype-jdk8-2.13.3.jar;C:\MAVEN_REPOSITORY\maven_repository2\com\fasterxml\jackson\datatype\jackson-datatype-jsr310\2.13.3\jackson-datatype-jsr310-2.13.3.jar;C:\MAVEN_REPOSITORY\maven_repository2\com\fasterxml\jackson\module\jackson-module-parameter-names\2.13.3\jackson-module-parameter-names-2.13.3.jar;C:\MAVEN_REPOSITORY\maven_repository2\org\springframework\boot\spring-boot-starter-tomcat\2.7.3\spring-boot-starter-tomcat-2.7.3.jar;C:\MAVEN_REPOSITORY\maven_repository2\org\apache\tomcat\embed\tomcat-embed-core\9.0.65\tomcat-embed-core-9.0.65.jar;C:\MAVEN_REPOSITORY\maven_repository2\org\apache\tomcat\embed\tomcat-embed-el\9.0.65\tomcat-embed-el-9.0.65.jar;C:\MAVEN_REPOSITORY\maven_repository2\org\apache\tomcat\embed\tomcat-embed-websocket\9.0.65\tomcat-embed-websocket-9.0.65.jar;C:\MAVEN_REPOSITORY\maven_repository2\org\springframework\spring-webmvc\5.3.22\spring-webmvc-5.3.22.jar;C:\MAVEN_REPOSITORY\maven_repository2\org\springframework\spring-aop\5.3.22\spring-aop-5.3.22.jar;C:\MAVEN_REPOSITORY\maven_repository2\org\springframework\spring-context\5.3.22\spring-context-5.3.22.jar;C:\MAVEN_REPOSITORY\maven_repository2\org\springframework\spring-expression\5.3.22\spring-expression-5.3.22.jar;C:\MAVEN_REPOSITORY\maven_repository2\org\springframework\boot\spring-boot-autoconfigure\2.7.3\spring-boot-autoconfigure-2.7.3.jar;C:\MAVEN_REPOSITORY\maven_repository2\org\springframework\boot\spring-boot\2.7.3\spring-boot-2.7.3.jar;C:\MAVEN_REPOSITORY\maven_repository2\org\springframework\spring-web\5.3.22\spring-web-5.3.22.jar;C:\MAVEN_REPOSITORY\maven_repository2\org\springframework\spring-beans\5.3.22\spring-beans-5.3.22.jar;C:\MAVEN_REPOSITORY\maven_repository2\org\springframework\spring-core\5.3.22\spring-core-5.3.22.jar;C:\MAVEN_REPOSITORY\maven_repository2\org\springframework\spring-jcl\5.3.22\spring-jcl-5.3.22.jar;C:\MAVEN_REPOSITORY\maven_repository2\org\springframework\boot\spring-boot-starter-test\2.7.3\spring-boot-starter-test-2.7.3.jar;C:\MAVEN_REPOSITORY\maven_repository2\org\springframework\boot\spring-boot-test\2.7.3\spring-boot-test-2.7.3.jar;C:\MAVEN_REPOSITORY\maven_repository2\org\springframework\boot\spring-boot-test-autoconfigure\2.7.3\spring-boot-test-autoconfigure-2.7.3.jar;C:\MAVEN_REPOSITORY\maven_repository2\com\jayway\jsonpath\json-path\2.7.0\json-path-2.7.0.jar;C:\MAVEN_REPOSITORY\maven_repository2\net\minidev\json-smart\2.4.8\json-smart-2.4.8.jar;C:\MAVEN_REPOSITORY\maven_repository2\net\minidev\accessors-smart\2.4.8\accessors-smart-2.4.8.jar;C:\MAVEN_REPOSITORY\maven_repository2\org\ow2\asm\asm\9.1\asm-9.1.jar;C:\MAVEN_REPOSITORY\maven_repository2\jakarta\xml\bind\jakarta.xml.bind-api\2.3.3\jakarta.xml.bind-api-2.3.3.jar;C:\MAVEN_REPOSITORY\maven_repository2\jakarta\activation\jakarta.activation-api\1.2.2\jakarta.activation-api-1.2.2.jar;C:\MAVEN_REPOSITORY\maven_repository2\org\assertj\assertj-core\3.22.0\assertj-core-3.22.0.jar;C:\MAVEN_REPOSITORY\maven_repository2\org\hamcrest\hamcrest\2.2\hamcrest-2.2.jar;C:\MAVEN_REPOSITORY\maven_repository2\org\junit\jupiter\junit-jupiter\5.8.2\junit-jupiter-5.8.2.jar;C:\MAVEN_REPOSITORY\maven_repository2\org\junit\jupiter\junit-jupiter-api\5.8.2\junit-jupiter-api-5.8.2.jar;C:\MAVEN_REPOSITORY\maven_repository2\org\opentest4j\opentest4j\1.2.0\opentest4j-1.2.0.jar;C:\MAVEN_REPOSITORY\maven_repository2\org\junit\platform\junit-platform-commons\1.8.2\junit-platform-commons-1.8.2.jar;C:\MAVEN_REPOSITORY\maven_repository2\org\apiguardian\apiguardian-api\1.1.2\apiguardian-api-1.1.2.jar;C:\MAVEN_REPOSITORY\maven_repository2\org\junit\jupiter\junit-jupiter-params\5.8.2\junit-jupiter-params-5.8.2.jar;C:\MAVEN_REPOSITORY\maven_repository2\org\junit\jupiter\junit-jupiter-engine\5.8.2\junit-jupiter-engine-5.8.2.jar;C:\MAVEN_REPOSITORY\maven_repository2\org\junit\platform\junit-platform-engine\1.8.2\junit-platform-engine-1.8.2.jar;C:\MAVEN_REPOSITORY\maven_repository2\org\mockito\mockito-core\4.5.1\mockito-core-4.5.1.jar;C:\MAVEN_REPOSITORY\maven_repository2\net\bytebuddy\byte-buddy\1.12.13\byte-buddy-1.12.13.jar;C:\MAVEN_REPOSITORY\maven_repository2\net\bytebuddy\byte-buddy-agent\1.12.13\byte-buddy-agent-1.12.13.jar;C:\MAVEN_REPOSITORY\maven_repository2\org\objenesis\objenesis\3.2\objenesis-3.2.jar;C:\MAVEN_REPOSITORY\maven_repository2\org\mockito\mockito-junit-jupiter\4.5.1\mockito-junit-jupiter-4.5.1.jar;C:\MAVEN_REPOSITORY\maven_repository2\org\skyscreamer\jsonassert\1.5.1\jsonassert-1.5.1.jar;C:\MAVEN_REPOSITORY\maven_repository2\com\vaadin\external\google\android-json\0.0.20131108.vaadin1\android-json-0.0.20131108.vaadin1.jar;C:\MAVEN_REPOSITORY\maven_repository2\org\springframework\spring-test\5.3.22\spring-test-5.3.22.jar;C:\MAVEN_REPOSITORY\maven_repository2\org\xmlunit\xmlunit-core\2.9.0\xmlunit-core-2.9.0.jar;C:\MAVEN_REPOSITORY\maven_repository2\org\springframework\boot\spring-boot-starter-thymeleaf\2.7.3\spring-boot-starter-thymeleaf-2.7.3.jar;C:\MAVEN_REPOSITORY\maven_repository2\org\thymeleaf\extras\thymeleaf-extras-java8time\3.0.4.RELEASE\thymeleaf-extras-java8time-3.0.4.RELEASE.jar;C:\MAVEN_REPOSITORY\maven_repository2\org\thymeleaf\thymeleaf-spring5\3.0.11.RELEASE\thymeleaf-spring5-3.0.11.RELEASE.jar;C:\MAVEN_REPOSITORY\maven_repository2\org\thymeleaf\thymeleaf\3.0.15.RELEASE\thymeleaf-3.0.15.RELEASE.jar;C:\MAVEN_REPOSITORY\maven_repository2\org\attoparser\attoparser\2.0.5.RELEASE\attoparser-2.0.5.RELEASE.jar;C:\MAVEN_REPOSITORY\maven_repository2\org\unbescape\unbescape\1.1.6.RELEASE\unbescape-1.1.6.RELEASE.jar;C:\MAVEN_REPOSITORY\maven_repository2\org\slf4j\slf4j-api\1.7.36\slf4j-api-1.7.36.jar;C:\MAVEN_REPOSITORY\maven_repository2\org\projectlombok\lombok\1.16.10\lombok-1.16.10.jar;C:\MAVEN_REPOSITORY\maven_repository2\org\springframework\boot\spring-boot-starter-jdbc\2.7.3\spring-boot-starter-jdbc-2.7.3.jar;C:\MAVEN_REPOSITORY\maven_repository2\com\zaxxer\HikariCP\4.0.3\HikariCP-4.0.3.jar;C:\MAVEN_REPOSITORY\maven_repository2\org\springframework\spring-jdbc\5.3.22\spring-jdbc-5.3.22.jar;C:\MAVEN_REPOSITORY\maven_repository2\org\springframework\spring-tx\5.3.22\spring-tx-5.3.22.jar;C:\MAVEN_REPOSITORY\maven_repository2\org\mybatis\spring\boot\mybatis-spring-boot-starter\2.1.0\mybatis-spring-boot-starter-2.1.0.jar;C:\MAVEN_REPOSITORY\maven_repository2\org\mybatis\spring\boot\mybatis-spring-boot-autoconfigure\2.1.0\mybatis-spring-boot-autoconfigure-2.1.0.jar;C:\MAVEN_REPOSITORY\maven_repository2\org\mybatis\mybatis\3.5.2\mybatis-3.5.2.jar;C:\MAVEN_REPOSITORY\maven_repository2\org\mybatis\mybatis-spring\2.0.2\mybatis-spring-2.0.2.jar;C:\MAVEN_REPOSITORY\maven_repository2\com\github\pagehelper\pagehelper-spring-boot-starter\1.2.5\pagehelper-spring-boot-starter-1.2.5.jar;C:\MAVEN_REPOSITORY\maven_repository2\com\github\pagehelper\pagehelper-spring-boot-autoconfigure\1.2.5\pagehelper-spring-boot-autoconfigure-1.2.5.jar;C:\MAVEN_REPOSITORY\maven_repository2\com\github\pagehelper\pagehelper\5.1.4\pagehelper-5.1.4.jar;C:\MAVEN_REPOSITORY\maven_repository2\com\github\jsqlparser\jsqlparser\1.0\jsqlparser-1.0.jar;C:\MAVEN_REPOSITORY\maven_repository2\mysql\mysql-connector-java\8.0.30\mysql-connector-java-8.0.30.jar;C:\MAVEN_REPOSITORY\maven_repository2\org\apache\httpcomponents\httpmime\4.5.7\httpmime-4.5.7.jar;C:\MAVEN_REPOSITORY\maven_repository2\org\apache\httpcomponents\httpclient\4.5.13\httpclient-4.5.13.jar;C:\MAVEN_REPOSITORY\maven_repository2\org\apache\httpcomponents\httpcore\4.4.15\httpcore-4.4.15.jar;C:\MAVEN_REPOSITORY\maven_repository2\commons-codec\commons-codec\1.15\commons-codec-1.15.jar;C:\MAVEN_REPOSITORY\maven_repository2\com\alibaba\fastjson\1.2.41\fastjson-1.2.41.jar;C:\MAVEN_REPOSITORY\maven_repository2\org\apache\poi\poi-ooxml\3.16\poi-ooxml-3.16.jar;C:\MAVEN_REPOSITORY\maven_repository2\org\apache\poi\poi\3.16\poi-3.16.jar;C:\MAVEN_REPOSITORY\maven_repository2\org\apache\commons\commons-collections4\4.1\commons-collections4-4.1.jar;C:\MAVEN_REPOSITORY\maven_repository2\org\apache\poi\poi-ooxml-schemas\3.16\poi-ooxml-schemas-3.16.jar;C:\MAVEN_REPOSITORY\maven_repository2\org\apache\xmlbeans\xmlbeans\2.6.0\xmlbeans-2.6.0.jar;C:\MAVEN_REPOSITORY\maven_repository2\stax\stax-api\1.0.1\stax-api-1.0.1.jar;C:\MAVEN_REPOSITORY\maven_repository2\com\github\virtuald\curvesapi\1.04\curvesapi-1.04.jar;C:\MAVEN_REPOSITORY\maven_repository2\junit\junit\4.13.2\junit-4.13.2.jar;C:\MAVEN_REPOSITORY\maven_repository2\org\hamcrest\hamcrest-core\2.2\hamcrest-core-2.2.jar;"/>
    <property name="java.vm.vendor" value="Oracle Corporation"/>
    <property name="sun.arch.data.model" value="32"/>
    <property name="user.variant" value=""/>
    <property name="java.vendor.url" value="http://java.oracle.com/"/>
    <property name="user.timezone" value="Asia/Shanghai"/>
    <property name="java.vm.specification.version" value="1.8"/>
    <property name="os.name" value="Windows 10"/>
    <property name="user.country" value="CN"/>
    <property name="sun.java.launcher" value="SUN_STANDARD"/>
    <property name="sun.boot.library.path" value="C:\Program Files (x86)\Java\jdk1.8.0_261\jre\bin"/>
    <property name="sun.java.command" value="C:\Users\ARIKAK~1\AppData\Local\Temp\surefire1525681526237482799\surefirebooter8171249243039274363.jar C:\Users\ArikaKirihara\AppData\Local\Temp\surefire1525681526237482799 2022-10-10T04-02-20_012-jvmRun1 surefire8824731096734832146tmp surefire_01814886036823432129tmp"/>
    <property name="surefire.test.class.path" value="C:\Users\ArikaKirihara\IdeaProjects\syzongce-rear-backstage\target\test-classes;C:\Users\ArikaKirihara\IdeaProjects\syzongce-rear-backstage\target\classes;C:\MAVEN_REPOSITORY\maven_repository2\org\springframework\boot\spring-boot-starter-web\2.7.3\spring-boot-starter-web-2.7.3.jar;C:\MAVEN_REPOSITORY\maven_repository2\org\springframework\boot\spring-boot-starter\2.7.3\spring-boot-starter-2.7.3.jar;C:\MAVEN_REPOSITORY\maven_repository2\org\springframework\boot\spring-boot-starter-logging\2.7.3\spring-boot-starter-logging-2.7.3.jar;C:\MAVEN_REPOSITORY\maven_repository2\ch\qos\logback\logback-classic\1.2.11\logback-classic-1.2.11.jar;C:\MAVEN_REPOSITORY\maven_repository2\ch\qos\logback\logback-core\1.2.11\logback-core-1.2.11.jar;C:\MAVEN_REPOSITORY\maven_repository2\org\apache\logging\log4j\log4j-to-slf4j\2.17.2\log4j-to-slf4j-2.17.2.jar;C:\MAVEN_REPOSITORY\maven_repository2\org\apache\logging\log4j\log4j-api\2.17.2\log4j-api-2.17.2.jar;C:\MAVEN_REPOSITORY\maven_repository2\org\slf4j\jul-to-slf4j\1.7.36\jul-to-slf4j-1.7.36.jar;C:\MAVEN_REPOSITORY\maven_repository2\jakarta\annotation\jakarta.annotation-api\1.3.5\jakarta.annotation-api-1.3.5.jar;C:\MAVEN_REPOSITORY\maven_repository2\org\yaml\snakeyaml\1.30\snakeyaml-1.30.jar;C:\MAVEN_REPOSITORY\maven_repository2\org\springframework\boot\spring-boot-starter-json\2.7.3\spring-boot-starter-json-2.7.3.jar;C:\MAVEN_REPOSITORY\maven_repository2\com\fasterxml\jackson\core\jackson-databind\2.13.3\jackson-databind-2.13.3.jar;C:\MAVEN_REPOSITORY\maven_repository2\com\fasterxml\jackson\core\jackson-annotations\2.13.3\jackson-annotations-2.13.3.jar;C:\MAVEN_REPOSITORY\maven_repository2\com\fasterxml\jackson\core\jackson-core\2.13.3\jackson-core-2.13.3.jar;C:\MAVEN_REPOSITORY\maven_repository2\com\fasterxml\jackson\datatype\jackson-datatype-jdk8\2.13.3\jackson-datatype-jdk8-2.13.3.jar;C:\MAVEN_REPOSITORY\maven_repository2\com\fasterxml\jackson\datatype\jackson-datatype-jsr310\2.13.3\jackson-datatype-jsr310-2.13.3.jar;C:\MAVEN_REPOSITORY\maven_repository2\com\fasterxml\jackson\module\jackson-module-parameter-names\2.13.3\jackson-module-parameter-names-2.13.3.jar;C:\MAVEN_REPOSITORY\maven_repository2\org\springframework\boot\spring-boot-starter-tomcat\2.7.3\spring-boot-starter-tomcat-2.7.3.jar;C:\MAVEN_REPOSITORY\maven_repository2\org\apache\tomcat\embed\tomcat-embed-core\9.0.65\tomcat-embed-core-9.0.65.jar;C:\MAVEN_REPOSITORY\maven_repository2\org\apache\tomcat\embed\tomcat-embed-el\9.0.65\tomcat-embed-el-9.0.65.jar;C:\MAVEN_REPOSITORY\maven_repository2\org\apache\tomcat\embed\tomcat-embed-websocket\9.0.65\tomcat-embed-websocket-9.0.65.jar;C:\MAVEN_REPOSITORY\maven_repository2\org\springframework\spring-webmvc\5.3.22\spring-webmvc-5.3.22.jar;C:\MAVEN_REPOSITORY\maven_repository2\org\springframework\spring-aop\5.3.22\spring-aop-5.3.22.jar;C:\MAVEN_REPOSITORY\maven_repository2\org\springframework\spring-context\5.3.22\spring-context-5.3.22.jar;C:\MAVEN_REPOSITORY\maven_repository2\org\springframework\spring-expression\5.3.22\spring-expression-5.3.22.jar;C:\MAVEN_REPOSITORY\maven_repository2\org\springframework\boot\spring-boot-autoconfigure\2.7.3\spring-boot-autoconfigure-2.7.3.jar;C:\MAVEN_REPOSITORY\maven_repository2\org\springframework\boot\spring-boot\2.7.3\spring-boot-2.7.3.jar;C:\MAVEN_REPOSITORY\maven_repository2\org\springframework\spring-web\5.3.22\spring-web-5.3.22.jar;C:\MAVEN_REPOSITORY\maven_repository2\org\springframework\spring-beans\5.3.22\spring-beans-5.3.22.jar;C:\MAVEN_REPOSITORY\maven_repository2\org\springframework\spring-core\5.3.22\spring-core-5.3.22.jar;C:\MAVEN_REPOSITORY\maven_repository2\org\springframework\spring-jcl\5.3.22\spring-jcl-5.3.22.jar;C:\MAVEN_REPOSITORY\maven_repository2\org\springframework\boot\spring-boot-starter-test\2.7.3\spring-boot-starter-test-2.7.3.jar;C:\MAVEN_REPOSITORY\maven_repository2\org\springframework\boot\spring-boot-test\2.7.3\spring-boot-test-2.7.3.jar;C:\MAVEN_REPOSITORY\maven_repository2\org\springframework\boot\spring-boot-test-autoconfigure\2.7.3\spring-boot-test-autoconfigure-2.7.3.jar;C:\MAVEN_REPOSITORY\maven_repository2\com\jayway\jsonpath\json-path\2.7.0\json-path-2.7.0.jar;C:\MAVEN_REPOSITORY\maven_repository2\net\minidev\json-smart\2.4.8\json-smart-2.4.8.jar;C:\MAVEN_REPOSITORY\maven_repository2\net\minidev\accessors-smart\2.4.8\accessors-smart-2.4.8.jar;C:\MAVEN_REPOSITORY\maven_repository2\org\ow2\asm\asm\9.1\asm-9.1.jar;C:\MAVEN_REPOSITORY\maven_repository2\jakarta\xml\bind\jakarta.xml.bind-api\2.3.3\jakarta.xml.bind-api-2.3.3.jar;C:\MAVEN_REPOSITORY\maven_repository2\jakarta\activation\jakarta.activation-api\1.2.2\jakarta.activation-api-1.2.2.jar;C:\MAVEN_REPOSITORY\maven_repository2\org\assertj\assertj-core\3.22.0\assertj-core-3.22.0.jar;C:\MAVEN_REPOSITORY\maven_repository2\org\hamcrest\hamcrest\2.2\hamcrest-2.2.jar;C:\MAVEN_REPOSITORY\maven_repository2\org\junit\jupiter\junit-jupiter\5.8.2\junit-jupiter-5.8.2.jar;C:\MAVEN_REPOSITORY\maven_repository2\org\junit\jupiter\junit-jupiter-api\5.8.2\junit-jupiter-api-5.8.2.jar;C:\MAVEN_REPOSITORY\maven_repository2\org\opentest4j\opentest4j\1.2.0\opentest4j-1.2.0.jar;C:\MAVEN_REPOSITORY\maven_repository2\org\junit\platform\junit-platform-commons\1.8.2\junit-platform-commons-1.8.2.jar;C:\MAVEN_REPOSITORY\maven_repository2\org\apiguardian\apiguardian-api\1.1.2\apiguardian-api-1.1.2.jar;C:\MAVEN_REPOSITORY\maven_repository2\org\junit\jupiter\junit-jupiter-params\5.8.2\junit-jupiter-params-5.8.2.jar;C:\MAVEN_REPOSITORY\maven_repository2\org\junit\jupiter\junit-jupiter-engine\5.8.2\junit-jupiter-engine-5.8.2.jar;C:\MAVEN_REPOSITORY\maven_repository2\org\junit\platform\junit-platform-engine\1.8.2\junit-platform-engine-1.8.2.jar;C:\MAVEN_REPOSITORY\maven_repository2\org\mockito\mockito-core\4.5.1\mockito-core-4.5.1.jar;C:\MAVEN_REPOSITORY\maven_repository2\net\bytebuddy\byte-buddy\1.12.13\byte-buddy-1.12.13.jar;C:\MAVEN_REPOSITORY\maven_repository2\net\bytebuddy\byte-buddy-agent\1.12.13\byte-buddy-agent-1.12.13.jar;C:\MAVEN_REPOSITORY\maven_repository2\org\objenesis\objenesis\3.2\objenesis-3.2.jar;C:\MAVEN_REPOSITORY\maven_repository2\org\mockito\mockito-junit-jupiter\4.5.1\mockito-junit-jupiter-4.5.1.jar;C:\MAVEN_REPOSITORY\maven_repository2\org\skyscreamer\jsonassert\1.5.1\jsonassert-1.5.1.jar;C:\MAVEN_REPOSITORY\maven_repository2\com\vaadin\external\google\android-json\0.0.20131108.vaadin1\android-json-0.0.20131108.vaadin1.jar;C:\MAVEN_REPOSITORY\maven_repository2\org\springframework\spring-test\5.3.22\spring-test-5.3.22.jar;C:\MAVEN_REPOSITORY\maven_repository2\org\xmlunit\xmlunit-core\2.9.0\xmlunit-core-2.9.0.jar;C:\MAVEN_REPOSITORY\maven_repository2\org\springframework\boot\spring-boot-starter-thymeleaf\2.7.3\spring-boot-starter-thymeleaf-2.7.3.jar;C:\MAVEN_REPOSITORY\maven_repository2\org\thymeleaf\extras\thymeleaf-extras-java8time\3.0.4.RELEASE\thymeleaf-extras-java8time-3.0.4.RELEASE.jar;C:\MAVEN_REPOSITORY\maven_repository2\org\thymeleaf\thymeleaf-spring5\3.0.11.RELEASE\thymeleaf-spring5-3.0.11.RELEASE.jar;C:\MAVEN_REPOSITORY\maven_repository2\org\thymeleaf\thymeleaf\3.0.15.RELEASE\thymeleaf-3.0.15.RELEASE.jar;C:\MAVEN_REPOSITORY\maven_repository2\org\attoparser\attoparser\2.0.5.RELEASE\attoparser-2.0.5.RELEASE.jar;C:\MAVEN_REPOSITORY\maven_repository2\org\unbescape\unbescape\1.1.6.RELEASE\unbescape-1.1.6.RELEASE.jar;C:\MAVEN_REPOSITORY\maven_repository2\org\slf4j\slf4j-api\1.7.36\slf4j-api-1.7.36.jar;C:\MAVEN_REPOSITORY\maven_repository2\org\projectlombok\lombok\1.16.10\lombok-1.16.10.jar;C:\MAVEN_REPOSITORY\maven_repository2\org\springframework\boot\spring-boot-starter-jdbc\2.7.3\spring-boot-starter-jdbc-2.7.3.jar;C:\MAVEN_REPOSITORY\maven_repository2\com\zaxxer\HikariCP\4.0.3\HikariCP-4.0.3.jar;C:\MAVEN_REPOSITORY\maven_repository2\org\springframework\spring-jdbc\5.3.22\spring-jdbc-5.3.22.jar;C:\MAVEN_REPOSITORY\maven_repository2\org\springframework\spring-tx\5.3.22\spring-tx-5.3.22.jar;C:\MAVEN_REPOSITORY\maven_repository2\org\mybatis\spring\boot\mybatis-spring-boot-starter\2.1.0\mybatis-spring-boot-starter-2.1.0.jar;C:\MAVEN_REPOSITORY\maven_repository2\org\mybatis\spring\boot\mybatis-spring-boot-autoconfigure\2.1.0\mybatis-spring-boot-autoconfigure-2.1.0.jar;C:\MAVEN_REPOSITORY\maven_repository2\org\mybatis\mybatis\3.5.2\mybatis-3.5.2.jar;C:\MAVEN_REPOSITORY\maven_repository2\org\mybatis\mybatis-spring\2.0.2\mybatis-spring-2.0.2.jar;C:\MAVEN_REPOSITORY\maven_repository2\com\github\pagehelper\pagehelper-spring-boot-starter\1.2.5\pagehelper-spring-boot-starter-1.2.5.jar;C:\MAVEN_REPOSITORY\maven_repository2\com\github\pagehelper\pagehelper-spring-boot-autoconfigure\1.2.5\pagehelper-spring-boot-autoconfigure-1.2.5.jar;C:\MAVEN_REPOSITORY\maven_repository2\com\github\pagehelper\pagehelper\5.1.4\pagehelper-5.1.4.jar;C:\MAVEN_REPOSITORY\maven_repository2\com\github\jsqlparser\jsqlparser\1.0\jsqlparser-1.0.jar;C:\MAVEN_REPOSITORY\maven_repository2\mysql\mysql-connector-java\8.0.30\mysql-connector-java-8.0.30.jar;C:\MAVEN_REPOSITORY\maven_repository2\org\apache\httpcomponents\httpmime\4.5.7\httpmime-4.5.7.jar;C:\MAVEN_REPOSITORY\maven_repository2\org\apache\httpcomponents\httpclient\4.5.13\httpclient-4.5.13.jar;C:\MAVEN_REPOSITORY\maven_repository2\org\apache\httpcomponents\httpcore\4.4.15\httpcore-4.4.15.jar;C:\MAVEN_REPOSITORY\maven_repository2\commons-codec\commons-codec\1.15\commons-codec-1.15.jar;C:\MAVEN_REPOSITORY\maven_repository2\com\alibaba\fastjson\1.2.41\fastjson-1.2.41.jar;C:\MAVEN_REPOSITORY\maven_repository2\org\apache\poi\poi-ooxml\3.16\poi-ooxml-3.16.jar;C:\MAVEN_REPOSITORY\maven_repository2\org\apache\poi\poi\3.16\poi-3.16.jar;C:\MAVEN_REPOSITORY\maven_repository2\org\apache\commons\commons-collections4\4.1\commons-collections4-4.1.jar;C:\MAVEN_REPOSITORY\maven_repository2\org\apache\poi\poi-ooxml-schemas\3.16\poi-ooxml-schemas-3.16.jar;C:\MAVEN_REPOSITORY\maven_repository2\org\apache\xmlbeans\xmlbeans\2.6.0\xmlbeans-2.6.0.jar;C:\MAVEN_REPOSITORY\maven_repository2\stax\stax-api\1.0.1\stax-api-1.0.1.jar;C:\MAVEN_REPOSITORY\maven_repository2\com\github\virtuald\curvesapi\1.04\curvesapi-1.04.jar;C:\MAVEN_REPOSITORY\maven_repository2\junit\junit\4.13.2\junit-4.13.2.jar;C:\MAVEN_REPOSITORY\maven_repository2\org\hamcrest\hamcrest-core\2.2\hamcrest-core-2.2.jar;"/>
    <property name="sun.cpu.endian" value="little"/>
    <property name="user.home" value="C:\Users\ArikaKirihara"/>
    <property name="user.language" value="zh"/>
    <property name="java.specification.vendor" value="Oracle Corporation"/>
    <property name="java.home" value="C:\Program Files (x86)\Java\jdk1.8.0_261\jre"/>
    <property name="basedir" value="C:\Users\ArikaKirihara\IdeaProjects\syzongce-rear-backstage"/>
    <property name="file.separator" value="\"/>
    <property name="line.separator" value="&#10;"/>
    <property name="java.vm.specification.vendor" value="Oracle Corporation"/>
    <property name="java.specification.name" value="Java Platform API Specification"/>
    <property name="java.awt.graphicsenv" value="sun.awt.Win32GraphicsEnvironment"/>
    <property name="surefire.real.class.path" value="C:\Users\ARIKAK~1\AppData\Local\Temp\surefire1525681526237482799\surefirebooter8171249243039274363.jar"/>
    <property name="sun.boot.class.path" value="C:\Program Files (x86)\Java\jdk1.8.0_261\jre\lib\resources.jar;C:\Program Files (x86)\Java\jdk1.8.0_261\jre\lib\rt.jar;C:\Program Files (x86)\Java\jdk1.8.0_261\jre\lib\sunrsasign.jar;C:\Program Files (x86)\Java\jdk1.8.0_261\jre\lib\jsse.jar;C:\Program Files (x86)\Java\jdk1.8.0_261\jre\lib\jce.jar;C:\Program Files (x86)\Java\jdk1.8.0_261\jre\lib\charsets.jar;C:\Program Files (x86)\Java\jdk1.8.0_261\jre\lib\jfr.jar;C:\Program Files (x86)\Java\jdk1.8.0_261\jre\classes"/>
    <property name="user.script" value=""/>
    <property name="sun.management.compiler" value="HotSpot Client Compiler"/>
    <property name="java.runtime.version" value="1.8.0_261-b12"/>
    <property name="user.name" value="ArikaKirihara"/>
    <property name="path.separator" value=";"/>
    <property name="os.version" value="10.0"/>
    <property name="java.endorsed.dirs" value="C:\Program Files (x86)\Java\jdk1.8.0_261\jre\lib\endorsed"/>
    <property name="java.runtime.name" value="Java(TM) SE Runtime Environment"/>
    <property name="file.encoding" value="GBK"/>
    <property name="java.vm.name" value="Java HotSpot(TM) Client VM"/>
    <property name="localRepository" value="C:\MAVEN_REPOSITORY\maven_repository2"/>
    <property name="java.vendor.url.bug" value="http://bugreport.sun.com/bugreport/"/>
    <property name="java.io.tmpdir" value="C:\Users\ARIKAK~1\AppData\Local\Temp\"/>
    <property name="idea.version" value="2021.1.3"/>
    <property name="java.version" value="1.8.0_261"/>
    <property name="user.dir" value="C:\Users\ArikaKirihara\IdeaProjects\syzongce-rear-backstage"/>
    <property name="os.arch" value="x86"/>
    <property name="java.vm.specification.name" value="Java Virtual Machine Specification"/>
    <property name="java.awt.printerjob" value="sun.awt.windows.WPrinterJob"/>
    <property name="sun.os.patch.level" value=""/>
    <property name="java.library.path" value="C:\Program Files (x86)\Java\jdk1.8.0_261\jre\bin;C:\WINDOWS\Sun\Java\bin;C:\WINDOWS\system32;C:\WINDOWS;C:\Program Files (x86)\VMware\VMware Workstation\bin\;C:\Program Files (x86)\Common Files\Oracle\Java\javapath;C:\Program Files (x86)\Common Files\Intel\Shared Libraries\redist\intel64\compiler;C:\windows\system32;C:\windows;C:\windows\System32\Wbem;C:\windows\System32\WindowsPowerShell\v1.0\;C:\windows\System32\OpenSSH\;C:\Program Files (x86)\NVIDIA Corporation\PhysX\Common;C:\Program Files\Intel\WiFi\bin\;C:\Program Files\Common Files\Intel\WirelessCommon\;C:\Program Files (x86)\Intel\Intel(R) Management Engine Components\DAL;C:\Program Files\Intel\Intel(R) Management Engine Components\DAL;C:\WINDOWS\system32;C:\WINDOWS;C:\WINDOWS\System32\Wbem;C:\WINDOWS\System32\WindowsPowerShell\v1.0\;C:\WINDOWS\System32\OpenSSH\;C:\Program Files (x86)\Java\jdk1.8.0_261\bin;C:\Program Files\Microsoft SQL Server\Client SDK\ODBC\170\Tools\Binn\;C:\Program Files (x86)\Microsoft SQL Server\150\Tools\Binn\;C:\Program Files\Microsoft SQL Server\150\Tools\Binn\;C:\Program Files\Microsoft SQL Server\150\DTS\Binn\;C:\Program Files (x86)\Microsoft SQL Server\150\DTS\Binn\;C:\Program Files\Azure Data Studio\bin;C:\Users\ArikaKirihara\Downloads\software\phantomjs-2.1.1-windows\phantomjs-2.1.1-windows\bin;C:\Users\ArikaKirihara\AppData\Local\Tesseract-OCR;C:\Users\ArikaKirihara\Downloads\chromedriver_win32 (1);C:\Program Files\MongoDB\Server\3.6\bin;C:\Users\ArikaKirihara\AppData\Local\Microsoft\WindowsApps;C:\Users\ArikaKirihara\Anaconda3;C:\Users\ArikaKirihara\Downloads\mysql-8.0.26-winx64\mysql-8.0.26-winx64\bin;C:\Users\ArikaKirihara\Downloads\mysql-8.0.26-winx64\mysql-8.0.26-winx64;C:\Users\ArikaKirihara\Downloads\mysql-8.0.26-winx64\mysql-8.0.26-winx64\bin;C:\Program Files\dotnet\;C:\Program Files\Microsoft SQL Server\130\Tools\Binn\;C:\Program Files (x86)\dotnet\;C:\Users\ArikaKirihara\Downloads\software\apache-maven-3.8.1-bin\apache-maven-3.8.1\binC:\Users\ArikaKirihara\Downloads\software\apache-maven-3.6.1\bin;C:\Users\ArikaKirihara\AppData\Local\Android\Sdk;C:\Users\ArikaKirihara\AppData\Local\Android\Sdk\platform-tools;C:\Users\ArikaKirihara\AppData\Local\Android\Sdk\tools;C:\Users\ArikaKirihara\AppData\Roaming\nvm;C:\Program Files\nodejs;C:\Users\ArikaKirihara\AppData\Roaming\nvm\v14.8.0\node_modules;C:\Users\ArikaKirihara\AppData\Roaming\nvm\v14.8.0\node_global;C:\Users\ArikaKirihara\AppData\Roaming\nvm\v18.4.0\node_modules;C:\Users\ArikaKirihara\AppData\Roaming\nvm\v18.4.0\node_global;C:\Users\ArikaKirihara\AppData\Roaming\nvm\v16.15.1\node_modules;C:\Users\ArikaKirihara\AppData\Roaming\nvm\v16.15.1\node_global;;C:\Program Files\Git\cmd;C:\Users\ArikaKirihara\AppData\Local\Microsoft\WindowsApps;C:\Program Files (x86)\Java\jdk1.8.0_261\bin;C:\Users\ArikaKirihara\Documents\python\PyCharm 2020.3.3\bin;C:\Program Files\Azure Data Studio\bin;C:\Users\ArikaKirihara\AppData\Local\Programs\Microsoft VS Code Insiders\bin;C:\Users\ArikaKirihara\AppData\Local\GitHubDesktop\bin;C:\Users\ArikaKirihara\AppData\Local\Programs\Fiddler;C:\Users\ArikaKirihara\.dotnet\tools;C:\Users\ArikaKirihara\AppData\Roaming\nvm;C:\Program Files\nodejs;C:\windows\system32;C:\Users\ArikaKirihara\AppData\Roaming\nvm\v14.8.0\node_modules;C:\Users\ArikaKirihara\AppData\Roaming\nvm\v14.8.0\node_global;C:\Users\ArikaKirihara\AppData\Roaming\nvm\v18.4.0\node_modules;C:\Users\ArikaKirihara\AppData\Roaming\nvm\v18.4.0\node_global;C:\Users\ArikaKirihara\AppData\Roaming\nvm\v16.15.1\node_modules;C:\Users\ArikaKirihara\AppData\Roaming\nvm\v16.15.1\node_global;;;."/>
    <property name="java.vm.info" value="mixed mode"/>
    <property name="java.vendor" value="Oracle Corporation"/>
    <property name="java.vm.version" value="25.261-b12"/>
    <property name="java.ext.dirs" value="C:\Program Files (x86)\Java\jdk1.8.0_261\jre\lib\ext;C:\WINDOWS\Sun\Java\lib\ext"/>
    <property name="sun.io.unicode.encoding" value="UnicodeLittle"/>
    <property name="maven.repo.local" value="C:\MAVEN_REPOSITORY\maven_repository2"/>
    <property name="java.class.version" value="52.0"/>
  </properties>
  <testcase name="updatePwd" classname="com.sxy.zongce.service.impl.StudentServiceImplTest" time="0.023"/>
  <testcase name="findStuByAdmin" classname="com.sxy.zongce.service.impl.StudentServiceImplTest" time="0.015"/>
  <testcase name="findStuInfo" classname="com.sxy.zongce.service.impl.StudentServiceImplTest" time="0.005"/>
  <testcase name="getStuName" classname="com.sxy.zongce.service.impl.StudentServiceImplTest" time="0.006"/>
  <testcase name="findStuByMenter" classname="com.sxy.zongce.service.impl.StudentServiceImplTest" time="0.01"/>
  <testcase name="findPwdById" classname="com.sxy.zongce.service.impl.StudentServiceImplTest" time="0.005"/>
  <testcase name="searchStuByMenter" classname="com.sxy.zongce.service.impl.StudentServiceImplTest" time="0.011"/>
  <testcase name="searchStuByAdmin" classname="com.sxy.zongce.service.impl.StudentServiceImplTest" time="0.01"/>
  <testcase name="isExist" classname="com.sxy.zongce.service.impl.StudentServiceImplTest" time="0.006"/>
</testsuite>